<?xml version="1.0" encoding="UTF-8"?>
<coverage generated="1748514545677" clover="3.2.0">
  <project timestamp="1748514545677" name="All files">
    <metrics statements="24" coveredstatements="20" conditionals="12" coveredconditionals="10" methods="3" coveredmethods="2" elements="39" coveredelements="32" complexity="0" loc="24" ncloc="24" packages="1" files="1" classes="1"/>
    <file name="main.js" path="C:\Users\jjDok\Desktop\JenkinsPro2\main.js">
      <metrics statements="24" coveredstatements="20" conditionals="12" coveredconditionals="10" methods="3" coveredmethods="2"/>
      <line num="1" count="1" type="stmt"/>
      <line num="2" count="1" type="stmt"/>
      <line num="3" count="1" type="stmt"/>
      <line num="5" count="1" type="stmt"/>
      <line num="7" count="1" type="stmt"/>
      <line num="8" count="2" type="stmt"/>
      <line num="9" count="2" type="cond" truecount="4" falsecount="0"/>
      <line num="10" count="1" type="stmt"/>
      <line num="13" count="2" type="stmt"/>
      <line num="14" count="2" type="stmt"/>
      <line num="32" count="2" type="cond" truecount="2" falsecount="0"/>
      <line num="34" count="2" type="stmt"/>
      <line num="35" count="2" type="cond" truecount="2" falsecount="0"/>
      <line num="36" count="1" type="cond" truecount="1" falsecount="1"/>
      <line num="37" count="1" type="stmt"/>
      <line num="38" count="1" type="stmt"/>
      <line num="40" count="0" type="stmt"/>
      <line num="41" count="0" type="stmt"/>
      <line num="44" count="1" type="stmt"/>
      <line num="45" count="1" type="stmt"/>
      <line num="50" count="1" type="cond" truecount="1" falsecount="1"/>
      <line num="51" count="0" type="stmt"/>
      <line num="52" count="0" type="stmt"/>
      <line num="56" count="1" type="stmt"/>
    </file>
  </project>
</coverage>
