{"C:\\Users\\jjDok\\Desktop\\JenkinsPro2\\main.js": {"path":"C:\\Users\\jjDok\\Desktop\\JenkinsPro2\\main.js","statementMap":{"0":{"start":{"line":1,"column":13},"end":{"line":1,"column":28}},"1":{"start":{"line":2,"column":11},"end":{"line":2,"column":24}},"2":{"start":{"line":3,"column":13},"end":{"line":3,"column":28}},"3":{"start":{"line":5,"column":13},"end":{"line":5,"column":17}},"4":{"start":{"line":7,"column":15},"end":{"line":48,"column":2}},"5":{"start":{"line":8,"column":19},"end":{"line":8,"column":33}},"6":{"start":{"line":9,"column":4},"end":{"line":11,"column":5}},"7":{"start":{"line":10,"column":8},"end":{"line":10,"column":33}},"8":{"start":{"line":13,"column":20},"end":{"line":13,"column":64}},"9":{"start":{"line":14,"column":22},"end":{"line":30,"column":5}},"10":{"start":{"line":32,"column":24},"end":{"line":32,"column":72}},"11":{"start":{"line":34,"column":4},"end":{"line":47,"column":7}},"12":{"start":{"line":35,"column":8},"end":{"line":46,"column":9}},"13":{"start":{"line":36,"column":12},"end":{"line":42,"column":13}},"14":{"start":{"line":37,"column":16},"end":{"line":37,"column":68}},"15":{"start":{"line":38,"column":16},"end":{"line":38,"column":59}},"16":{"start":{"line":40,"column":16},"end":{"line":40,"column":35}},"17":{"start":{"line":41,"column":16},"end":{"line":41,"column":95}},"18":{"start":{"line":44,"column":12},"end":{"line":44,"column":64}},"19":{"start":{"line":45,"column":12},"end":{"line":45,"column":38}},"20":{"start":{"line":51,"column":0},"end":{"line":55,"column":1}},"21":{"start":{"line":52,"column":4},"end":{"line":54,"column":7}},"22":{"start":{"line":53,"column":8},"end":{"line":53,"column":67}},"23":{"start":{"line":57,"column":0},"end":{"line":57,"column":24}}},"fnMap":{"0":{"name":"(anonymous_0)","decl":{"start":{"line":7,"column":33},"end":{"line":7,"column":34}},"loc":{"start":{"line":7,"column":47},"end":{"line":48,"column":1}},"line":7},"1":{"name":"(anonymous_1)","decl":{"start":{"line":34,"column":26},"end":{"line":34,"column":27}},"loc":{"start":{"line":34,"column":46},"end":{"line":47,"column":5}},"line":34},"2":{"name":"(anonymous_2)","decl":{"start":{"line":52,"column":24},"end":{"line":52,"column":25}},"loc":{"start":{"line":52,"column":30},"end":{"line":54,"column":5}},"line":52}},"branchMap":{"0":{"loc":{"start":{"line":9,"column":4},"end":{"line":11,"column":5}},"type":"if","locations":[{"start":{"line":9,"column":4},"end":{"line":11,"column":5}},{"start":{},"end":{}}],"line":9},"1":{"loc":{"start":{"line":9,"column":8},"end":{"line":9,"column":52}},"type":"binary-expr","locations":[{"start":{"line":9,"column":8},"end":{"line":9,"column":23}},{"start":{"line":9,"column":27},"end":{"line":9,"column":52}}],"line":9},"2":{"loc":{"start":{"line":32,"column":24},"end":{"line":32,"column":72}},"type":"binary-expr","locations":[{"start":{"line":32,"column":24},"end":{"line":32,"column":42}},{"start":{"line":32,"column":46},"end":{"line":32,"column":72}}],"line":32},"3":{"loc":{"start":{"line":35,"column":8},"end":{"line":46,"column":9}},"type":"if","locations":[{"start":{"line":35,"column":8},"end":{"line":46,"column":9}},{"start":{"line":43,"column":15},"end":{"line":46,"column":9}}],"line":35},"4":{"loc":{"start":{"line":36,"column":12},"end":{"line":42,"column":13}},"type":"if","locations":[{"start":{"line":36,"column":12},"end":{"line":42,"column":13}},{"start":{"line":39,"column":19},"end":{"line":42,"column":13}}],"line":36},"5":{"loc":{"start":{"line":51,"column":0},"end":{"line":55,"column":1}},"type":"if","locations":[{"start":{"line":51,"column":0},"end":{"line":55,"column":1}},{"start":{},"end":{}}],"line":51}},"s":{"0":1,"1":1,"2":1,"3":1,"4":1,"5":2,"6":2,"7":1,"8":2,"9":2,"10":2,"11":2,"12":2,"13":1,"14":1,"15":1,"16":0,"17":0,"18":1,"19":1,"20":1,"21":0,"22":0,"23":1},"f":{"0":2,"1":2,"2":0},"b":{"0":[1,1],"1":[2,1],"2":[2,1],"3":[1,1],"4":[1,0],"5":[0,1]},"_coverageSchema":"1a1c01bbd47fc00a2c39e90264f33305004495a9","hash":"88fcc237079ee58e390678a5cc292287f9b86029"}
}
