TN:
SF:main.js
FN:7,(anonymous_0)
FN:34,(anonymous_1)
FN:52,(anonymous_2)
FNF:3
FNH:2
FNDA:2,(anonymous_0)
FNDA:2,(anonymous_1)
FNDA:0,(anonymous_2)
DA:1,1
DA:2,1
DA:3,1
DA:5,1
DA:7,1
DA:8,2
DA:9,2
DA:10,1
DA:13,2
DA:14,2
DA:32,2
DA:34,2
DA:35,2
DA:36,1
DA:37,1
DA:38,1
DA:40,0
DA:41,0
DA:44,1
DA:45,1
DA:51,1
DA:52,0
DA:53,0
DA:57,1
LF:24
LH:20
BRDA:9,0,0,1
BRDA:9,0,1,1
BRDA:9,1,0,2
BRDA:9,1,1,1
BRDA:32,2,0,2
BRDA:32,2,1,1
BRDA:35,3,0,1
BRDA:35,3,1,1
BRDA:36,4,0,1
BRDA:36,4,1,0
BRDA:51,5,0,0
BRDA:51,5,1,1
BRF:12
BRH:10
end_of_record
